#
# There is insufficient memory for the Java Runtime Environment to continue.
# Native memory allocation (malloc) failed to allocate 524288 bytes for AllocateHeap
# Possible reasons:
#   The system is out of physical RAM or swap space
#   The process is running with CompressedOops enabled, and the Java Heap may be blocking the growth of the native heap
# Possible solutions:
#   Reduce memory load on the system
#   Increase physical memory or swap space
#   Check if swap backing store is full
#   Decrease Java heap size (-Xmx/-Xms)
#   Decrease number of Java threads
#   Decrease Java thread stack sizes (-Xss)
#   Set larger code cache with -XX:ReservedCodeCacheSize=
#   JVM is running with Unscaled Compressed Oops mode in which the Java heap is
#     placed in the first 4GB address space. The Java Heap base address is the
#     maximum limit for the native heap growth. Please use -XX:HeapBaseMinAddress
#     to set the Java Heap base and to place the Java Heap above 4GB virtual address.
# This output file may be truncated or incomplete.
#
#  Out of Memory Error (./open/src/hotspot/share/memory/allocation.cpp:44), pid=10932, tid=6712
#
# JRE version:  (15.0+36) (build )
# Java VM: Java HotSpot(TM) 64-Bit Server VM (15+36-1562, mixed mode, sharing, tiered, compressed oops, g1 gc, windows-amd64)
# No core dump will be written. Minidumps are not enabled by default on client versions of Windows
#

---------------  S U M M A R Y ------------

Command Line: -ea -Dfile.encoding=Cp1252 -XX:+ShowCodeDetailsInExceptionMessages org.eclipse.jdt.internal.junit.runner.RemoteTestRunner -version 3 -port 60696 -testLoaderClass org.eclipse.jdt.internal.junit5.runner.JUnit5TestLoader -loaderpluginname org.eclipse.jdt.junit5.runtime -classNames test.TestNourir

Host: AMD Ryzen 3 4300U with Radeon Graphics         , 4 cores, 3G,  Windows 10 , 64 bit Build 19041 (10.0.19041.928)
Time: Thu May  6 23:39:05 2021 Paris, Madrid (heure d’été) elapsed time: 0.031785 seconds (0d 0h 0m 0s)

---------------  T H R E A D  ---------------

Current thread (0x000002412ce6a5d0):  JavaThread "Unknown thread" [_thread_in_vm, id=6712, stack(0x000000530ed00000,0x000000530ee00000)]

Stack: [0x000000530ed00000,0x000000530ee00000]
Native frames: (J=compiled Java code, j=interpreted, Vv=VM code, C=native code)
V  [jvm.dll+0x629eaa]
V  [jvm.dll+0x780379]
V  [jvm.dll+0x781ad3]
V  [jvm.dll+0x782133]
V  [jvm.dll+0x2159d5]
V  [jvm.dll+0x8ea92]
V  [jvm.dll+0x6b7212]
V  [jvm.dll+0x6b719e]
V  [jvm.dll+0x6b782c]
V  [jvm.dll+0x75d230]
V  [jvm.dll+0x333af4]
V  [jvm.dll+0x73d816]
V  [jvm.dll+0x3b68e7]
V  [jvm.dll+0x3b8371]
C  [jli.dll+0x52fb]
C  [ucrtbase.dll+0x21bb2]
C  [KERNEL32.DLL+0x17034]
C  [ntdll.dll+0x52651]


---------------  P R O C E S S  ---------------

Threads class SMR info:
_java_thread_list=0x00007ff858fe2fa0, length=0, elements={
}

Java Threads: ( => current thread )

Other Threads:
  0x000002412ce97450 GCTaskThread "GC Thread#0" [stack: 0x000000530ee00000,0x000000530ef00000] [id=8100]
  0x000002412cea0070 ConcurrentGCThread "G1 Main Marker" [stack: 0x000000530ef00000,0x000000530f000000] [id=7428]
  0x000002412cea13d0 ConcurrentGCThread "G1 Conc#0" [stack: 0x000000530f000000,0x000000530f100000] [id=9028]
  0x000002412cedecd0 ConcurrentGCThread "G1 Refine#0" [stack: 0x000000530f100000,0x000000530f200000] [id=11856]
  0x000002412cedf7d0 ConcurrentGCThread "G1 Young RemSet Sampling" [stack: 0x000000530f200000,0x000000530f300000] [id=6396]

=>0x000002412ce6a5d0 (exited) JavaThread "Unknown thread" [_thread_in_vm, id=6712, stack(0x000000530ed00000,0x000000530ee00000)]

Threads with active compile tasks:

VM state: not at safepoint (not fully initialized)

VM Mutex/Monitor currently owned by a thread: None

Heap address: 0x00000000ca200000, size: 862 MB, Compressed Oops mode: 32-bit
CDS archive(s) mapped at: [0x0000024148360000-0x0000024148eb0000-0x0000024148eb0000), size 11862016, SharedBaseAddress: 0x0000024148360000, ArchiveRelocationMode: 0.
Compressed class space mapped at: 0x0000024148eb0000-0x0000024188eb0000, size: 1073741824
Narrow klass base: 0x0000024148360000, Narrow klass shift: 3, Narrow klass range: 0x100000000

GC Precious Log:
 CPUs: 4 total, 4 available
 Memory: 3446M
 Large Page Support: Disabled
 NUMA Support: Disabled
 Compressed Oops: Enabled (32-bit)
 Heap Region Size: 1M
 Heap Min Capacity: 8M
 Heap Initial Capacity: 54M
 Heap Max Capacity: 862M
 Pre-touch: Disabled
 Parallel Workers: 4
 Concurrent Workers: 1
 Concurrent Refinement Workers: 4
 Periodic GC: Disabled

Heap:
 garbage-first heap   total 55296K, used 0K [0x00000000ca200000, 0x0000000100000000)
  region size 1024K, 0 young (0K), 0 survivors (0K)
 Metaspace       used 0K, capacity 0K, committed 0K, reserved 1056768K
  class space    used 0K, capacity 0K, committed 0K, reserved 1048576K

Heap Regions: E=young(eden), S=young(survivor), O=old, HS=humongous(starts), HC=humongous(continues), CS=collection set, F=free, OA=open archive, CA=closed archive, TAMS=top-at-mark-start (previous, next)
|   0|0x00000000ca200000, 0x00000000ca200000, 0x00000000ca300000|  0%| F|  |TAMS 0x00000000ca200000, 0x00000000ca200000| Untracked 
|   1|0x00000000ca300000, 0x00000000ca300000, 0x00000000ca400000|  0%| F|  |TAMS 0x00000000ca300000, 0x00000000ca300000| Untracked 
|   2|0x00000000ca400000, 0x00000000ca400000, 0x00000000ca500000|  0%| F|  |TAMS 0x00000000ca400000, 0x00000000ca400000| Untracked 
|   3|0x00000000ca500000, 0x00000000ca500000, 0x00000000ca600000|  0%| F|  |TAMS 0x00000000ca500000, 0x00000000ca500000| Untracked 
|   4|0x00000000ca600000, 0x00000000ca600000, 0x00000000ca700000|  0%| F|  |TAMS 0x00000000ca600000, 0x00000000ca600000| Untracked 
|   5|0x00000000ca700000, 0x00000000ca700000, 0x00000000ca800000|  0%| F|  |TAMS 0x00000000ca700000, 0x00000000ca700000| Untracked 
|   6|0x00000000ca800000, 0x00000000ca800000, 0x00000000ca900000|  0%| F|  |TAMS 0x00000000ca800000, 0x00000000ca800000| Untracked 
|   7|0x00000000ca900000, 0x00000000ca900000, 0x00000000caa00000|  0%| F|  |TAMS 0x00000000ca900000, 0x00000000ca900000| Untracked 
|   8|0x00000000caa00000, 0x00000000caa00000, 0x00000000cab00000|  0%| F|  |TAMS 0x00000000caa00000, 0x00000000caa00000| Untracked 
|   9|0x00000000cab00000, 0x00000000cab00000, 0x00000000cac00000|  0%| F|  |TAMS 0x00000000cab00000, 0x00000000cab00000| Untracked 
|  10|0x00000000cac00000, 0x00000000cac00000, 0x00000000cad00000|  0%| F|  |TAMS 0x00000000cac00000, 0x00000000cac00000| Untracked 
|  11|0x00000000cad00000, 0x00000000cad00000, 0x00000000cae00000|  0%| F|  |TAMS 0x00000000cad00000, 0x00000000cad00000| Untracked 
|  12|0x00000000cae00000, 0x00000000cae00000, 0x00000000caf00000|  0%| F|  |TAMS 0x00000000cae00000, 0x00000000cae00000| Untracked 
|  13|0x00000000caf00000, 0x00000000caf00000, 0x00000000cb000000|  0%| F|  |TAMS 0x00000000caf00000, 0x00000000caf00000| Untracked 
|  14|0x00000000cb000000, 0x00000000cb000000, 0x00000000cb100000|  0%| F|  |TAMS 0x00000000cb000000, 0x00000000cb000000| Untracked 
|  15|0x00000000cb100000, 0x00000000cb100000, 0x00000000cb200000|  0%| F|  |TAMS 0x00000000cb100000, 0x00000000cb100000| Untracked 
|  16|0x00000000cb200000, 0x00000000cb200000, 0x00000000cb300000|  0%| F|  |TAMS 0x00000000cb200000, 0x00000000cb200000| Untracked 
|  17|0x00000000cb300000, 0x00000000cb300000, 0x00000000cb400000|  0%| F|  |TAMS 0x00000000cb300000, 0x00000000cb300000| Untracked 
|  18|0x00000000cb400000, 0x00000000cb400000, 0x00000000cb500000|  0%| F|  |TAMS 0x00000000cb400000, 0x00000000cb400000| Untracked 
|  19|0x00000000cb500000, 0x00000000cb500000, 0x00000000cb600000|  0%| F|  |TAMS 0x00000000cb500000, 0x00000000cb500000| Untracked 
|  20|0x00000000cb600000, 0x00000000cb600000, 0x00000000cb700000|  0%| F|  |TAMS 0x00000000cb600000, 0x00000000cb600000| Untracked 
|  21|0x00000000cb700000, 0x00000000cb700000, 0x00000000cb800000|  0%| F|  |TAMS 0x00000000cb700000, 0x00000000cb700000| Untracked 
|  22|0x00000000cb800000, 0x00000000cb800000, 0x00000000cb900000|  0%| F|  |TAMS 0x00000000cb800000, 0x00000000cb800000| Untracked 
|  23|0x00000000cb900000, 0x00000000cb900000, 0x00000000cba00000|  0%| F|  |TAMS 0x00000000cb900000, 0x00000000cb900000| Untracked 
|  24|0x00000000cba00000, 0x00000000cba00000, 0x00000000cbb00000|  0%| F|  |TAMS 0x00000000cba00000, 0x00000000cba00000| Untracked 
|  25|0x00000000cbb00000, 0x00000000cbb00000, 0x00000000cbc00000|  0%| F|  |TAMS 0x00000000cbb00000, 0x00000000cbb00000| Untracked 
|  26|0x00000000cbc00000, 0x00000000cbc00000, 0x00000000cbd00000|  0%| F|  |TAMS 0x00000000cbc00000, 0x00000000cbc00000| Untracked 
|  27|0x00000000cbd00000, 0x00000000cbd00000, 0x00000000cbe00000|  0%| F|  |TAMS 0x00000000cbd00000, 0x00000000cbd00000| Untracked 
|  28|0x00000000cbe00000, 0x00000000cbe00000, 0x00000000cbf00000|  0%| F|  |TAMS 0x00000000cbe00000, 0x00000000cbe00000| Untracked 
|  29|0x00000000cbf00000, 0x00000000cbf00000, 0x00000000cc000000|  0%| F|  |TAMS 0x00000000cbf00000, 0x00000000cbf00000| Untracked 
|  30|0x00000000cc000000, 0x00000000cc000000, 0x00000000cc100000|  0%| F|  |TAMS 0x00000000cc000000, 0x00000000cc000000| Untracked 
|  31|0x00000000cc100000, 0x00000000cc100000, 0x00000000cc200000|  0%| F|  |TAMS 0x00000000cc100000, 0x00000000cc100000| Untracked 
|  32|0x00000000cc200000, 0x00000000cc200000, 0x00000000cc300000|  0%| F|  |TAMS 0x00000000cc200000, 0x00000000cc200000| Untracked 
|  33|0x00000000cc300000, 0x00000000cc300000, 0x00000000cc400000|  0%| F|  |TAMS 0x00000000cc300000, 0x00000000cc300000| Untracked 
|  34|0x00000000cc400000, 0x00000000cc400000, 0x00000000cc500000|  0%| F|  |TAMS 0x00000000cc400000, 0x00000000cc400000| Untracked 
|  35|0x00000000cc500000, 0x00000000cc500000, 0x00000000cc600000|  0%| F|  |TAMS 0x00000000cc500000, 0x00000000cc500000| Untracked 
|  36|0x00000000cc600000, 0x00000000cc600000, 0x00000000cc700000|  0%| F|  |TAMS 0x00000000cc600000, 0x00000000cc600000| Untracked 
|  37|0x00000000cc700000, 0x00000000cc700000, 0x00000000cc800000|  0%| F|  |TAMS 0x00000000cc700000, 0x00000000cc700000| Untracked 
|  38|0x00000000cc800000, 0x00000000cc800000, 0x00000000cc900000|  0%| F|  |TAMS 0x00000000cc800000, 0x00000000cc800000| Untracked 
|  39|0x00000000cc900000, 0x00000000cc900000, 0x00000000cca00000|  0%| F|  |TAMS 0x00000000cc900000, 0x00000000cc900000| Untracked 
|  40|0x00000000cca00000, 0x00000000cca00000, 0x00000000ccb00000|  0%| F|  |TAMS 0x00000000cca00000, 0x00000000cca00000| Untracked 
|  41|0x00000000ccb00000, 0x00000000ccb00000, 0x00000000ccc00000|  0%| F|  |TAMS 0x00000000ccb00000, 0x00000000ccb00000| Untracked 
|  42|0x00000000ccc00000, 0x00000000ccc00000, 0x00000000ccd00000|  0%| F|  |TAMS 0x00000000ccc00000, 0x00000000ccc00000| Untracked 
|  43|0x00000000ccd00000, 0x00000000ccd00000, 0x00000000cce00000|  0%| F|  |TAMS 0x00000000ccd00000, 0x00000000ccd00000| Untracked 
|  44|0x00000000cce00000, 0x00000000cce00000, 0x00000000ccf00000|  0%| F|  |TAMS 0x00000000cce00000, 0x00000000cce00000| Untracked 
|  45|0x00000000ccf00000, 0x00000000ccf00000, 0x00000000cd000000|  0%| F|  |TAMS 0x00000000ccf00000, 0x00000000ccf00000| Untracked 
|  46|0x00000000cd000000, 0x00000000cd000000, 0x00000000cd100000|  0%| F|  |TAMS 0x00000000cd000000, 0x00000000cd000000| Untracked 
|  47|0x00000000cd100000, 0x00000000cd100000, 0x00000000cd200000|  0%| F|  |TAMS 0x00000000cd100000, 0x00000000cd100000| Untracked 
|  48|0x00000000cd200000, 0x00000000cd200000, 0x00000000cd300000|  0%| F|  |TAMS 0x00000000cd200000, 0x00000000cd200000| Untracked 
|  49|0x00000000cd300000, 0x00000000cd300000, 0x00000000cd400000|  0%| F|  |TAMS 0x00000000cd300000, 0x00000000cd300000| Untracked 
|  50|0x00000000cd400000, 0x00000000cd400000, 0x00000000cd500000|  0%| F|  |TAMS 0x00000000cd400000, 0x00000000cd400000| Untracked 
|  51|0x00000000cd500000, 0x00000000cd500000, 0x00000000cd600000|  0%| F|  |TAMS 0x00000000cd500000, 0x00000000cd500000| Untracked 
|  52|0x00000000cd600000, 0x00000000cd600000, 0x00000000cd700000|  0%| F|  |TAMS 0x00000000cd600000, 0x00000000cd600000| Untracked 
|  53|0x00000000cd700000, 0x00000000cd700000, 0x00000000cd800000|  0%| F|  |TAMS 0x00000000cd700000, 0x00000000cd700000| Untracked 

Card table byte_map: [0x00000241440a0000,0x0000024144250000] _byte_map_base: 0x0000024143a4f000

Marking Bits (Prev, Next): (CMBitMap*) 0x000002412ce98b50, (CMBitMap*) 0x000002412ce98b90
 Prev Bits: [0x0000024144400000, 0x0000024145178000)
 Next Bits: [0x0000024145180000, 0x0000024145ef8000)

GC Heap History (0 events):
No events

Deoptimization events (0 events):
No events

Classes unloaded (0 events):
No events

Classes redefined (0 events):
No events

Internal exceptions (0 events):
No events

Events (1 events):
Event: 0.008 Loaded shared library C:\Program Files\Java\jdk-15\bin\java.dll


Dynamic libraries:
0x00007ff7c70b0000 - 0x00007ff7c70bf000 	C:\Program Files\Java\jdk-15\bin\javaw.exe
0x00007ff8c36b0000 - 0x00007ff8c38a5000 	C:\WINDOWS\SYSTEM32\ntdll.dll
0x00007ff89e600000 - 0x00007ff89e613000 	C:\Program Files\Avast Software\Avast\aswhook.dll
0x00007ff8c25e0000 - 0x00007ff8c269d000 	C:\WINDOWS\System32\KERNEL32.DLL
0x00007ff8c1120000 - 0x00007ff8c13e8000 	C:\WINDOWS\System32\KERNELBASE.dll
0x00007ff8c13f0000 - 0x00007ff8c14f0000 	C:\WINDOWS\System32\ucrtbase.dll
0x00007ff8b8fb0000 - 0x00007ff8b8fc8000 	C:\Program Files\Java\jdk-15\bin\jli.dll
0x00007ff8b8f90000 - 0x00007ff8b8fa9000 	C:\Program Files\Java\jdk-15\bin\VCRUNTIME140.dll
0x00007ff8c2840000 - 0x00007ff8c28ec000 	C:\WINDOWS\System32\ADVAPI32.dll
0x00007ff8c2b50000 - 0x00007ff8c2bee000 	C:\WINDOWS\System32\msvcrt.dll
0x00007ff8c2ab0000 - 0x00007ff8c2b4b000 	C:\WINDOWS\System32\sechost.dll
0x00007ff8c1dc0000 - 0x00007ff8c1eeb000 	C:\WINDOWS\System32\RPCRT4.dll
0x00007ff8c26a0000 - 0x00007ff8c2840000 	C:\WINDOWS\System32\USER32.dll
0x00007ff8c10c0000 - 0x00007ff8c10e2000 	C:\WINDOWS\System32\win32u.dll
0x00007ff8c2dd0000 - 0x00007ff8c2dfa000 	C:\WINDOWS\System32\GDI32.dll
0x00007ff8b16d0000 - 0x00007ff8b196a000 	C:\WINDOWS\WinSxS\amd64_microsoft.windows.common-controls_6595b64144ccf1df_6.0.19041.844_none_ca00b6081b84eb1d\COMCTL32.dll
0x00007ff8c14f0000 - 0x00007ff8c15fb000 	C:\WINDOWS\System32\gdi32full.dll
0x00007ff8c0f50000 - 0x00007ff8c0fed000 	C:\WINDOWS\System32\msvcp_win.dll
0x00007ff8b7ad0000 - 0x00007ff8b7ada000 	C:\WINDOWS\SYSTEM32\VERSION.dll
0x00007ff8c1710000 - 0x00007ff8c1740000 	C:\WINDOWS\System32\IMM32.DLL
0x00007ff8b8f80000 - 0x00007ff8b8f8c000 	C:\Program Files\Java\jdk-15\bin\vcruntime140_1.dll
0x00007ff87b800000 - 0x00007ff87b891000 	C:\Program Files\Java\jdk-15\bin\msvcp140.dll
0x00007ff858520000 - 0x00007ff85907c000 	C:\Program Files\Java\jdk-15\bin\server\jvm.dll
0x00007ff8c2e00000 - 0x00007ff8c2e08000 	C:\WINDOWS\System32\PSAPI.DLL
0x00007ff8b7aa0000 - 0x00007ff8b7ac7000 	C:\WINDOWS\SYSTEM32\WINMM.dll
0x00007ff8ae810000 - 0x00007ff8ae819000 	C:\WINDOWS\SYSTEM32\WSOCK32.dll
0x00007ff8c28f0000 - 0x00007ff8c295b000 	C:\WINDOWS\System32\WS2_32.dll
0x00007ff8bed30000 - 0x00007ff8bed42000 	C:\WINDOWS\SYSTEM32\kernel.appcore.dll
0x00007ff8ba5a0000 - 0x00007ff8ba5aa000 	C:\Program Files\Java\jdk-15\bin\jimage.dll
0x00007ff8b49c0000 - 0x00007ff8b4ba4000 	C:\WINDOWS\SYSTEM32\DBGHELP.DLL
0x00007ff8b4920000 - 0x00007ff8b494c000 	C:\WINDOWS\SYSTEM32\dbgcore.DLL
0x00007ff8c1040000 - 0x00007ff8c10c0000 	C:\WINDOWS\System32\bcryptPrimitives.dll
0x00007ff8aae30000 - 0x00007ff8aae55000 	C:\Program Files\Java\jdk-15\bin\java.dll

dbghelp: loaded successfully - version: 4.0.5 - missing functions: none
symbol engine: initialized successfully - sym options: 0x614 - pdb path: .;C:\Program Files\Java\jdk-15\bin;C:\WINDOWS\SYSTEM32;C:\Program Files\Avast Software\Avast;C:\WINDOWS\WinSxS\amd64_microsoft.windows.common-controls_6595b64144ccf1df_6.0.19041.844_none_ca00b6081b84eb1d;C:\Program Files\Java\jdk-15\bin\server

VM Arguments:
jvm_args: -ea -Dfile.encoding=Cp1252 -XX:+ShowCodeDetailsInExceptionMessages 
java_command: org.eclipse.jdt.internal.junit.runner.RemoteTestRunner -version 3 -port 60696 -testLoaderClass org.eclipse.jdt.internal.junit5.runner.JUnit5TestLoader -loaderpluginname org.eclipse.jdt.junit5.runtime -classNames test.TestNourir
java_class_path (initial): C:\Users\admin\Desktop\projet\l2s4-projet-2021\project\bin;C:\Users\admin\.p2\pool\plugins\org.junit.jupiter.api_5.7.1.v20210222-1948.jar;C:\Users\admin\.p2\pool\plugins\org.junit.jupiter.engine_5.7.1.v20210222-1948.jar;C:\Users\admin\.p2\pool\plugins\org.junit.jupiter.migrationsupport_5.7.1.v20210222-1948.jar;C:\Users\admin\.p2\pool\plugins\org.junit.jupiter.params_5.7.1.v20210222-1948.jar;C:\Users\admin\.p2\pool\plugins\org.junit.platform.commons_1.7.1.v20210222-1948.jar;C:\Users\admin\.p2\pool\plugins\org.junit.platform.engine_1.7.1.v20210222-1948.jar;C:\Users\admin\.p2\pool\plugins\org.junit.platform.launcher_1.7.1.v20210222-1948.jar;C:\Users\admin\.p2\pool\plugins\org.junit.platform.runner_1.7.1.v20210222-1948.jar;C:\Users\admin\.p2\pool\plugins\org.junit.platform.suite.api_1.7.1.v20210222-1948.jar;C:\Users\admin\.p2\pool\plugins\org.junit.vintage.engine_5.7.1.v20210222-1948.jar;C:\Users\admin\.p2\pool\plugins\org.opentest4j_1.2.0.v20190826-0900.jar;C:\Users\admin\.p2\pool\plugins\org.apiguardian_1.1.0.v20190826-0900.jar;C:\Users\admin\.p2\pool\plugins\org.junit_4.13.0.v20200204-1500.jar;C:\Users\admin\.p2\pool\plugins\org.hamcrest.core_1.3.0.v20180420-1519.jar;C:\Users\admin\eclipse\java-2021-03\eclipse\configuration\org.eclipse.osgi\221\0\.cp;C:\Users\admin\eclipse\java-2021-03\eclipse\configuration\org.eclipse.osgi\219\0\.cp
Launcher Type: SUN_STANDARD

[Global flags]
     intx CICompilerCount                          = 3                                         {product} {ergonomic}
     uint ConcGCThreads                            = 1                                         {product} {ergonomic}
     uint G1ConcRefinementThreads                  = 4                                         {product} {ergonomic}
   size_t G1HeapRegionSize                         = 1048576                                   {product} {ergonomic}
    uintx GCDrainStackTargetSize                   = 64                                        {product} {ergonomic}
   size_t InitialHeapSize                          = 56623104                                  {product} {ergonomic}
   size_t MarkStackSize                            = 4194304                                   {product} {ergonomic}
   size_t MaxHeapSize                              = 903872512                                 {product} {ergonomic}
   size_t MaxNewSize                               = 542113792                                 {product} {ergonomic}
   size_t MinHeapDeltaBytes                        = 1048576                                   {product} {ergonomic}
   size_t MinHeapSize                              = 8388608                                   {product} {ergonomic}
    uintx NonNMethodCodeHeapSize                   = 5832780                                {pd product} {ergonomic}
    uintx NonProfiledCodeHeapSize                  = 122912730                              {pd product} {ergonomic}
    uintx ProfiledCodeHeapSize                     = 122912730                              {pd product} {ergonomic}
    uintx ReservedCodeCacheSize                    = 251658240                              {pd product} {ergonomic}
     bool SegmentedCodeCache                       = true                                      {product} {ergonomic}
     bool ShowCodeDetailsInExceptionMessages       = true                                   {manageable} {command line}
   size_t SoftMaxHeapSize                          = 903872512                              {manageable} {ergonomic}
     bool UseCompressedClassPointers               = true                                 {lp64_product} {ergonomic}
     bool UseCompressedOops                        = true                                 {lp64_product} {ergonomic}
     bool UseG1GC                                  = true                                      {product} {ergonomic}
     bool UseLargePagesIndividualAllocation        = false                                  {pd product} {ergonomic}

Logging:
Log output configuration:
 #0: stdout all=warning uptime,level,tags
 #1: stderr all=off uptime,level,tags

Environment Variables:
JAVA_HOME=C:\Program Files\Java\jdk-15
PATH=C:/Program Files/Java/jdk-15/bin/server;C:/Program Files/Java/jdk-15/bin;C:\WINDOWS\system32;C:\WINDOWS;C:\WINDOWS\System32\Wbem;C:\WINDOWS\System32\WindowsPowerShell\v1.0\;C:\WINDOWS\System32\OpenSSH\;C:\Program Files\Microsoft SQL Server\130\Tools\Binn\;C:\Program Files\Java\jdk-15\bin;C:\Users\admin\AppData\Roaming\Microsoft\Windows\Start Menu\Programs\Python 3.9;%PYTHON3_SCRIPT%;C:\ProgramData\chocolatey\bin;C:\Program Files\Git\cmd;C:\Program Files\nodejs\;C:\python\Scripts\;C:\python\;C:\Users\admin\AppData\Local\Microsoft\WindowsApps;C:\Program Files\Java\jdk-15;C:\php;C:\python;C:\python\Scripts;C:\MinGW\bin;C:\emacs\emacs-25.2-x86_64\bin;C:\emacs\emacs-25-x86_64-deps\bin;C:\Users\admin\AppData\Roaming\npm;C:\Users\admin\AppData\Local\Programs\Microsoft VS Code\bin;;C:\WINDOWS\System32;
USERNAME=admin
OS=Windows_NT
PROCESSOR_IDENTIFIER=AMD64 Family 23 Model 96 Stepping 1, AuthenticAMD



---------------  S Y S T E M  ---------------

OS:
 Windows 10 , 64 bit Build 19041 (10.0.19041.928)
OS uptime: 2 days 0:50 hours

CPU: total 4 (initial active 4) (4 cores per cpu, 1 threads per core) family 23 model 96 stepping 1, cmov, cx8, fxsr, mmx, sse, sse2, sse3, ssse3, sse4.1, sse4.2, popcnt, vzeroupper, avx, avx2, aes, clmul, 3dnowpref, lzcnt, sse4a, tsc, tscinvbit, tscinv, bmi1, bmi2, adx, sha, fma, clflush, clflushopt

Memory: 4k page, system-wide physical 3446M (403M free)
TotalPageFile size 6928M (AvailPageFile size 2M)
current process WorkingSet (physical memory assigned to process): 22M, peak: 22M
current process commit charge ("private bytes"): 120M, peak: 120M

vm_info: Java HotSpot(TM) 64-Bit Server VM (15+36-1562) for windows-amd64 JRE (15+36-1562), built on Aug 11 2020 22:38:02 by "mach5one" with unknown MS VC++:1925

END.
